[Reading Time] : 556ms
[Pli Building Time] : 336ms
[Predicates Building Time] : 2ms
8723
Exception in thread "main" java.lang.OutOfMemoryError: Java heap space
	at java.base/java.util.ArrayList.grow(ArrayList.java:239)
	at java.base/java.util.ArrayList.grow(ArrayList.java:244)
	at java.base/java.util.ArrayList.add(ArrayList.java:454)
	at java.base/java.util.ArrayList.add(ArrayList.java:467)
	at FastAFD.AEI.RelaxedEvidenceInversion.hit(RelaxedEvidenceInversion.java:201)
	at FastAFD.AEI.RelaxedEvidenceInversion.inverseEvidenceSet(RelaxedEvidenceInversion.java:124)
	at FastAFD.AEI.RelaxedEvidenceInversion.buildAFD(RelaxedEvidenceInversion.java:52)
	at Main.run(Main.java:97)
	at picocli.CommandLine.executeUserObject(CommandLine.java:1939)
	at picocli.CommandLine.access$1300(CommandLine.java:145)
	at picocli.CommandLine$RunLast.executeUserObjectOfLastSubcommandWithSameParent(CommandLine.java:2352)
	at picocli.CommandLine$RunLast.handle(CommandLine.java:2346)
	at picocli.CommandLine$RunLast.handle(CommandLine.java:2311)
	at picocli.CommandLine$AbstractParseResultHandler.execute(CommandLine.java:2179)
	at picocli.CommandLine.execute(CommandLine.java:2078)
	at Main.main(Main.java:104)
FastAFD.jar中没有主清单属性
[Reading Time] : 607ms
[Pli Building Time] : 370ms
[Predicates Building Time] : 2ms
8723
column 0completed.
column 1completed.
column 2completed.
column 3completed.
column 4completed.
column 5completed.
column 6completed.
column 7completed.
column 8completed.
column 9completed.
column 10completed.
224
[EvidenceSet Inversion Time] : 47734492ms
Error: Invalid or corrupt jarfile ./dataset/adult.csv
[Reading Time] : 572ms
[Pli Building Time] : 340ms
[Predicates Building Time] : 2ms
Progress: 0.3071253071253071%
Progress: 0.6142506142506142%
Progress: 0.9213759213759214%
Progress: 1.2285012285012284%
Progress: 1.5356265356265357%
Progress: 1.8427518427518428%
Progress: 2.14987714987715%
Progress: 2.457002457002457%
Progress: 2.764127764127764%
Progress: 3.0712530712530715%
Progress: 3.3783783783783785%
Progress: 3.6855036855036856%
Progress: 3.992628992628992%
Progress: 4.2997542997543%
Progress: 4.606879606879607%
Progress: 4.914004914004914%
Progress: 5.221130221130221%
Progress: 5.528255528255528%
Progress: 5.835380835380835%
Progress: 6.142506142506143%
Progress: 6.44963144963145%
Progress: 6.756756756756757%
Progress: 7.063882063882064%
Progress: 7.371007371007371%
Progress: 7.678132678132678%
Progress: 7.985257985257984%
Progress: 8.292383292383294%
Progress: 8.5995085995086%
Progress: 8.906633906633907%
Progress: 9.213759213759214%
Progress: 9.52088452088452%
Progress: 9.828009828009828%
Progress: 10.135135135135135%
Progress: 10.442260442260443%
Progress: 10.74938574938575%
Progress: 11.056511056511056%
Progress: 11.363636363636363%
Progress: 11.67076167076167%
Progress: 11.977886977886978%
Progress: 12.285012285012286%
Progress: 12.592137592137592%
Progress: 12.8992628992629%
Progress: 13.206388206388207%
Progress: 13.513513513513514%
Progress: 13.82063882063882%
Progress: 14.127764127764127%
Progress: 14.434889434889433%
Progress: 14.742014742014742%
Progress: 15.04914004914005%
Progress: 15.356265356265355%
Progress: 15.663390663390665%
Progress: 15.970515970515969%
Progress: 16.277641277641276%
Progress: 16.584766584766587%
Progress: 16.89189189189189%
Progress: 17.1990171990172%
Progress: 17.506142506142506%
Progress: 17.813267813267814%
Progress: 18.12039312039312%
Progress: 18.42751842751843%
Progress: 18.734643734643736%
Progress: 19.04176904176904%
Progress: 19.348894348894348%
Progress: 19.656019656019655%
Progress: 19.963144963144963%
Progress: 20.27027027027027%
Progress: 20.577395577395578%
Progress: 20.884520884520885%
Progress: 21.19164619164619%
Progress: 21.4987714987715%
Progress: 21.805896805896808%
Progress: 22.11302211302211%
Progress: 22.420147420147423%
Progress: 22.727272727272727%
Progress: 23.034398034398034%
Progress: 23.34152334152334%
Progress: 23.64864864864865%
Progress: 23.955773955773957%
Progress: 24.26289926289926%
Progress: 24.57002457002457%
Progress: 24.877149877149876%
Progress: 25.184275184275183%
Progress: 25.49140049140049%
Progress: 25.7985257985258%
Progress: 26.105651105651106%
Progress: 26.412776412776413%
Progress: 26.719901719901717%
Progress: 27.027027027027028%
Progress: 27.334152334152336%
Progress: 27.64127764127764%
Progress: 27.94840294840295%
Progress: 28.255528255528255%
Progress: 28.562653562653562%
Progress: 28.869778869778866%
Progress: 29.176904176904177%
Progress: 29.484029484029485%
Progress: 29.79115479115479%
Progress: 30.0982800982801%
Progress: 30.405405405405407%
Progress: 30.71253071253071%
Progress: 31.019656019656022%
Progress: 31.32678132678133%
Progress: 31.633906633906633%
Progress: 31.941031941031937%
Progress: 32.24815724815725%
Progress: 32.55528255528255%
Progress: 32.86240786240786%
Progress: 33.169533169533175%
Progress: 33.47665847665848%
Progress: 33.78378378378378%
Progress: 34.090909090909086%
Progress: 34.3980343980344%
Progress: 34.7051597051597%
Progress: 35.01228501228501%
Progress: 35.31941031941032%
Progress: 35.62653562653563%
Progress: 35.93366093366093%
Progress: 36.24078624078624%
Progress: 36.547911547911546%
Progress: 36.85503685503686%
Progress: 37.16216216216216%
Progress: 37.46928746928747%
Progress: 37.776412776412776%
Progress: 38.08353808353808%
Progress: 38.39066339066339%
Progress: 38.697788697788695%
Progress: 39.004914004914006%
Progress: 39.31203931203931%
Progress: 39.61916461916462%
Progress: 39.926289926289925%
Progress: 40.23341523341523%
Progress: 40.54054054054054%
Progress: 40.84766584766585%
Progress: 41.154791154791155%
Progress: 41.46191646191646%
Progress: 41.76904176904177%
Progress: 42.076167076167074%
Progress: 42.38329238329238%
Progress: 42.69041769041769%
Progress: 42.997542997543%
Progress: 43.304668304668304%
Progress: 43.611793611793615%
Progress: 43.91891891891892%
Progress: 44.22604422604422%
Progress: 44.533169533169534%
Progress: 44.840294840294845%
Progress: 45.14742014742015%
Progress: 45.45454545454545%
Progress: 45.761670761670764%
Progress: 46.06879606879607%
Progress: 46.37592137592137%
Progress: 46.68304668304668%
Progress: 46.990171990171994%
Progress: 47.2972972972973%
Progress: 47.6044226044226%
Progress: 47.91154791154791%
Progress: 48.21867321867322%
Progress: 48.52579852579852%
Progress: 48.83292383292383%
Progress: 49.14004914004914%
Progress: 49.44717444717445%
Progress: 49.75429975429975%
Progress: 50.061425061425055%
Progress: 50.368550368550366%
Progress: 50.67567567567568%
Progress: 50.98280098280098%
Progress: 51.28992628992629%
Progress: 51.5970515970516%
Progress: 51.9041769041769%
Progress: 52.21130221130221%
Progress: 52.518427518427515%
Progress: 52.825552825552826%
Progress: 53.13267813267814%
Progress: 53.439803439803434%
Progress: 53.746928746928745%
Progress: 54.054054054054056%
Progress: 54.36117936117936%
Progress: 54.66830466830467%
Progress: 54.97542997542998%
Progress: 55.28255528255528%
Progress: 55.58968058968059%
Progress: 55.8968058968059%
Progress: 56.2039312039312%
Progress: 56.51105651105651%
Progress: 56.81818181818182%
Progress: 57.125307125307124%
Progress: 57.432432432432435%
Progress: 57.73955773955773%
Progress: 58.04668304668304%
Progress: 58.353808353808354%
Progress: 58.66093366093366%
Progress: 58.96805896805897%
Progress: 59.27518427518428%
Progress: 59.58230958230958%
Progress: 59.88943488943489%
Progress: 60.1965601965602%
Progress: 60.5036855036855%
Progress: 60.810810810810814%
Progress: 61.117936117936125%
Progress: 61.42506142506142%
Progress: 61.73218673218673%
Progress: 62.039312039312044%
Progress: 62.34643734643734%
Progress: 62.65356265356266%
Progress: 62.960687960687956%
Progress: 63.26781326781327%
Progress: 63.57493857493858%
Progress: 63.882063882063875%
Progress: 64.1891891891892%
Progress: 64.4963144963145%
Progress: 64.8034398034398%
Progress: 65.1105651105651%
Progress: 65.41769041769042%
Progress: 65.72481572481573%
Progress: 66.03194103194103%
Progress: 66.33906633906635%
Progress: 66.64619164619164%
Progress: 66.95331695331696%
Progress: 67.26044226044226%
Progress: 67.56756756756756%
Progress: 67.87469287469288%
Progress: 68.18181818181817%
Progress: 68.48894348894349%
Progress: 68.7960687960688%
Progress: 69.1031941031941%
Progress: 69.4103194103194%
Progress: 69.71744471744472%
Progress: 70.02457002457002%
Progress: 70.33169533169533%
Progress: 70.63882063882065%
Progress: 70.94594594594594%
Progress: 71.25307125307125%
Progress: 71.56019656019656%
Progress: 71.86732186732186%
Progress: 72.17444717444718%
Progress: 72.48157248157248%
Progress: 72.78869778869779%
Progress: 73.09582309582309%
Progress: 73.4029484029484%
Progress: 73.71007371007371%
Progress: 74.01719901719902%
Progress: 74.32432432432432%
Progress: 74.63144963144963%
Progress: 74.93857493857494%
Progress: 75.24570024570025%
Progress: 75.55282555282555%
Progress: 75.85995085995087%
Progress: 76.16707616707616%
Progress: 76.47420147420148%
Progress: 76.78132678132678%
Progress: 77.08845208845209%
Progress: 77.39557739557739%
Progress: 77.7027027027027%
Progress: 78.00982800982801%
Progress: 78.31695331695332%
Progress: 78.62407862407862%
Progress: 78.93120393120392%
Progress: 79.23832923832924%
Progress: 79.54545454545455%
Progress: 79.85257985257985%
Progress: 80.15970515970517%
Progress: 80.46683046683046%
Progress: 80.77395577395578%
Progress: 81.08108108108108%
Progress: 81.38820638820638%
Progress: 81.6953316953317%
Progress: 82.002457002457%
Progress: 82.30958230958231%
Progress: 82.61670761670761%
Progress: 82.92383292383292%
Progress: 83.23095823095824%
Progress: 83.53808353808354%
Progress: 83.84520884520884%
Progress: 84.15233415233415%
Progress: 84.45945945945947%
Progress: 84.76658476658476%
Progress: 85.07371007371007%
Progress: 85.38083538083538%
Progress: 85.68796068796068%
Progress: 85.995085995086%
Progress: 86.3022113022113%
Progress: 86.60933660933661%
Progress: 86.91646191646191%
Progress: 87.22358722358723%
Progress: 87.53071253071253%
Progress: 87.83783783783784%
Progress: 88.14496314496314%
Progress: 88.45208845208845%
Progress: 88.75921375921376%
Progress: 89.06633906633907%
Progress: 89.37346437346437%
Progress: 89.68058968058969%
Progress: 89.98771498771498%
Progress: 90.2948402948403%
Progress: 90.6019656019656%
Progress: 90.9090909090909%
Progress: 91.21621621621621%
Progress: 91.52334152334153%
Progress: 91.83046683046683%
Progress: 92.13759213759214%
Progress: 92.44471744471745%
Progress: 92.75184275184274%
Progress: 93.05896805896806%
Progress: 93.36609336609337%
Progress: 93.67321867321867%
Progress: 93.98034398034399%
Progress: 94.28746928746928%
Progress: 94.5945945945946%
Progress: 94.9017199017199%
Progress: 95.2088452088452%
Progress: 95.51597051597052%
Progress: 95.82309582309583%
Progress: 96.13022113022113%
Progress: 96.43734643734643%
Progress: 96.74447174447175%
Progress: 97.05159705159704%
Progress: 97.35872235872236%
Progress: 97.66584766584766%
Progress: 97.97297297297297%
Progress: 98.28009828009829%
Progress: 98.58722358722358%
Progress: 98.8943488943489%
Progress: 99.2014742014742%
Progress: 99.5085995085995%
Progress: 99.81572481572482%
540900
[EvidenceSet Building Time] : 1397201ms
column 0completed.
column 1completed.
column 2completed.
column 3completed.
column 4completed.
column 5completed.
column 6completed.
column 7completed.
column 8completed.
column 9completed.
column 10completed.
column 11completed.
column 12completed.
column 13completed.
column 14completed.
988
[EvidenceSet Inversion Time] : 465588ms
[Reading Time] : 597ms
[Pli Building Time] : 342ms
[Predicates Building Time] : 2ms
Progress: 0.3071253071253071%
Progress: 0.6142506142506142%
Progress: 0.9213759213759214%
Progress: 1.2285012285012284%
Progress: 1.5356265356265357%
Progress: 1.8427518427518428%
Progress: 2.14987714987715%
Progress: 2.457002457002457%
Progress: 2.764127764127764%
Progress: 3.0712530712530715%
Progress: 3.3783783783783785%
Progress: 3.6855036855036856%
Progress: 3.992628992628992%
Progress: 4.2997542997543%
Progress: 4.606879606879607%
Progress: 4.914004914004914%
Progress: 5.221130221130221%
Progress: 5.528255528255528%
Progress: 5.835380835380835%
Progress: 6.142506142506143%
Progress: 6.44963144963145%
Progress: 6.756756756756757%
Progress: 7.063882063882064%
Progress: 7.371007371007371%
Progress: 7.678132678132678%
Progress: 7.985257985257984%
Progress: 8.292383292383294%
Progress: 8.5995085995086%
Progress: 8.906633906633907%
Progress: 9.213759213759214%
Progress: 9.52088452088452%
Progress: 9.828009828009828%
Progress: 10.135135135135135%
Progress: 10.442260442260443%
Progress: 10.74938574938575%
Progress: 11.056511056511056%
Progress: 11.363636363636363%
Progress: 11.67076167076167%
Progress: 11.977886977886978%
Progress: 12.285012285012286%
Progress: 12.592137592137592%
Progress: 12.8992628992629%
Progress: 13.206388206388207%
Progress: 13.513513513513514%
Progress: 13.82063882063882%
Progress: 14.127764127764127%
Progress: 14.434889434889433%
Progress: 14.742014742014742%
Progress: 15.04914004914005%
Progress: 15.356265356265355%
Progress: 15.663390663390665%
Progress: 15.970515970515969%
Progress: 16.277641277641276%
Progress: 16.584766584766587%
Progress: 16.89189189189189%
Progress: 17.1990171990172%
Progress: 17.506142506142506%
Progress: 17.813267813267814%
Progress: 18.12039312039312%
Progress: 18.42751842751843%
Progress: 18.734643734643736%
Progress: 19.04176904176904%
Progress: 19.348894348894348%
Progress: 19.656019656019655%
Progress: 19.963144963144963%
Progress: 20.27027027027027%
Progress: 20.577395577395578%
Progress: 20.884520884520885%
Progress: 21.19164619164619%
Progress: 21.4987714987715%
Progress: 21.805896805896808%
Progress: 22.11302211302211%
Progress: 22.420147420147423%
Progress: 22.727272727272727%
Progress: 23.034398034398034%
Progress: 23.34152334152334%
Progress: 23.64864864864865%
Progress: 23.955773955773957%
Progress: 24.26289926289926%
Progress: 24.57002457002457%
Progress: 24.877149877149876%
Progress: 25.184275184275183%
Progress: 25.49140049140049%
Progress: 25.7985257985258%
Progress: 26.105651105651106%
Progress: 26.412776412776413%
Progress: 26.719901719901717%
Progress: 27.027027027027028%
Progress: 27.334152334152336%
Progress: 27.64127764127764%
Progress: 27.94840294840295%
Progress: 28.255528255528255%
Progress: 28.562653562653562%
Progress: 28.869778869778866%
Progress: 29.176904176904177%
Progress: 29.484029484029485%
Progress: 29.79115479115479%
Progress: 30.0982800982801%
Progress: 30.405405405405407%
Progress: 30.71253071253071%
Progress: 31.019656019656022%
Progress: 31.32678132678133%
Progress: 31.633906633906633%
Progress: 31.941031941031937%
Progress: 32.24815724815725%
Progress: 32.55528255528255%
Progress: 32.86240786240786%
Progress: 33.169533169533175%
Progress: 33.47665847665848%
Progress: 33.78378378378378%
Progress: 34.090909090909086%
Progress: 34.3980343980344%
Progress: 34.7051597051597%
Progress: 35.01228501228501%
Progress: 35.31941031941032%
Progress: 35.62653562653563%
Progress: 35.93366093366093%
Progress: 36.24078624078624%
Progress: 36.547911547911546%
Progress: 36.85503685503686%
Progress: 37.16216216216216%
Progress: 37.46928746928747%
Progress: 37.776412776412776%
Progress: 38.08353808353808%
Progress: 38.39066339066339%
Progress: 38.697788697788695%
Progress: 39.004914004914006%
Progress: 39.31203931203931%
Progress: 39.61916461916462%
Progress: 39.926289926289925%
Progress: 40.23341523341523%
Progress: 40.54054054054054%
Progress: 40.84766584766585%
Progress: 41.154791154791155%
Progress: 41.46191646191646%
Progress: 41.76904176904177%
Progress: 42.076167076167074%
Progress: 42.38329238329238%
Progress: 42.69041769041769%
Progress: 42.997542997543%
Progress: 43.304668304668304%
Progress: 43.611793611793615%
Progress: 43.91891891891892%
Progress: 44.22604422604422%
Progress: 44.533169533169534%
Progress: 44.840294840294845%
Progress: 45.14742014742015%
Progress: 45.45454545454545%
Progress: 45.761670761670764%
Progress: 46.06879606879607%
Progress: 46.37592137592137%
Progress: 46.68304668304668%
Progress: 46.990171990171994%
Progress: 47.2972972972973%
Progress: 47.6044226044226%
Progress: 47.91154791154791%
Progress: 48.21867321867322%
Progress: 48.52579852579852%
Progress: 48.83292383292383%
Progress: 49.14004914004914%
Progress: 49.44717444717445%
Progress: 49.75429975429975%
Progress: 50.061425061425055%
Progress: 50.368550368550366%
Progress: 50.67567567567568%
Progress: 50.98280098280098%
Progress: 51.28992628992629%
Progress: 51.5970515970516%
Progress: 51.9041769041769%
Progress: 52.21130221130221%
Progress: 52.518427518427515%
Progress: 52.825552825552826%
Progress: 53.13267813267814%
Progress: 53.439803439803434%
Progress: 53.746928746928745%
Progress: 54.054054054054056%
Progress: 54.36117936117936%
Progress: 54.66830466830467%
Progress: 54.97542997542998%
Progress: 55.28255528255528%
Progress: 55.58968058968059%
Progress: 55.8968058968059%
Progress: 56.2039312039312%
Progress: 56.51105651105651%
Progress: 56.81818181818182%
Progress: 57.125307125307124%
Progress: 57.432432432432435%
Progress: 57.73955773955773%
Progress: 58.04668304668304%
Progress: 58.353808353808354%
Progress: 58.66093366093366%
Progress: 58.96805896805897%
Progress: 59.27518427518428%
Progress: 59.58230958230958%
Progress: 59.88943488943489%
Progress: 60.1965601965602%
Progress: 60.5036855036855%
Progress: 60.810810810810814%
Progress: 61.117936117936125%
Progress: 61.42506142506142%
Progress: 61.73218673218673%
Progress: 62.039312039312044%
Progress: 62.34643734643734%
Progress: 62.65356265356266%
Progress: 62.960687960687956%
Progress: 63.26781326781327%
Progress: 63.57493857493858%
Progress: 63.882063882063875%
Progress: 64.1891891891892%
Progress: 64.4963144963145%
Progress: 64.8034398034398%
Progress: 65.1105651105651%
Progress: 65.41769041769042%
Progress: 65.72481572481573%
Progress: 66.03194103194103%
Progress: 66.33906633906635%
Progress: 66.64619164619164%
Progress: 66.95331695331696%
Progress: 67.26044226044226%
Progress: 67.56756756756756%
Progress: 67.87469287469288%
Progress: 68.18181818181817%
Progress: 68.48894348894349%
Progress: 68.7960687960688%
Progress: 69.1031941031941%
Progress: 69.4103194103194%
Progress: 69.71744471744472%
Progress: 70.02457002457002%
Progress: 70.33169533169533%
Progress: 70.63882063882065%
Progress: 70.94594594594594%
Progress: 71.25307125307125%
Progress: 71.56019656019656%
Progress: 71.86732186732186%
Progress: 72.17444717444718%
Progress: 72.48157248157248%
Progress: 72.78869778869779%
Progress: 73.09582309582309%
Progress: 73.4029484029484%
Progress: 73.71007371007371%
Progress: 74.01719901719902%
Progress: 74.32432432432432%
Progress: 74.63144963144963%
Progress: 74.93857493857494%
Progress: 75.24570024570025%
Progress: 75.55282555282555%
Progress: 75.85995085995087%
Progress: 76.16707616707616%
Progress: 76.47420147420148%
Progress: 76.78132678132678%
Progress: 77.08845208845209%
Progress: 77.39557739557739%
Progress: 77.7027027027027%
Progress: 78.00982800982801%
Progress: 78.31695331695332%
Progress: 78.62407862407862%
Progress: 78.93120393120392%
Progress: 79.23832923832924%
Progress: 79.54545454545455%
Progress: 79.85257985257985%
Progress: 80.15970515970517%
Progress: 80.46683046683046%
Progress: 80.77395577395578%
Progress: 81.08108108108108%
Progress: 81.38820638820638%
Progress: 81.6953316953317%
Progress: 82.002457002457%
Progress: 82.30958230958231%
Progress: 82.61670761670761%
Progress: 82.92383292383292%
Progress: 83.23095823095824%
Progress: 83.53808353808354%
Progress: 83.84520884520884%
Progress: 84.15233415233415%
Progress: 84.45945945945947%
Progress: 84.76658476658476%
Progress: 85.07371007371007%
Progress: 85.38083538083538%
Progress: 85.68796068796068%
Progress: 85.995085995086%
Progress: 86.3022113022113%
Progress: 86.60933660933661%
Progress: 86.91646191646191%
Progress: 87.22358722358723%
Progress: 87.53071253071253%
Progress: 87.83783783783784%
Progress: 88.14496314496314%
Progress: 88.45208845208845%
Progress: 88.75921375921376%
Progress: 89.06633906633907%
Progress: 89.37346437346437%
Progress: 89.68058968058969%
Progress: 89.98771498771498%
Progress: 90.2948402948403%
Progress: 90.6019656019656%
Progress: 90.9090909090909%
Progress: 91.21621621621621%
Progress: 91.52334152334153%
Progress: 91.83046683046683%
Progress: 92.13759213759214%
Progress: 92.44471744471745%
Progress: 92.75184275184274%
Progress: 93.05896805896806%
Progress: 93.36609336609337%
Progress: 93.67321867321867%
Progress: 93.98034398034399%
Progress: 94.28746928746928%
Progress: 94.5945945945946%
Progress: 94.9017199017199%
Progress: 95.2088452088452%
Progress: 95.51597051597052%
Progress: 95.82309582309583%
Progress: 96.13022113022113%
Progress: 96.43734643734643%
Progress: 96.74447174447175%
Progress: 97.05159705159704%
Progress: 97.35872235872236%
Progress: 97.66584766584766%
Progress: 97.97297297297297%
Progress: 98.28009828009829%
Progress: 98.58722358722358%
Progress: 98.8943488943489%
Progress: 99.2014742014742%
Progress: 99.5085995085995%
Progress: 99.81572481572482%
546525
[EvidenceSet Building Time] : 1399108ms
column 0completed.
column 1completed.
column 2completed.
column 3completed.
column 4completed.
column 5completed.
column 6completed.
column 7completed.
column 8completed.
column 9completed.
column 10completed.
column 11completed.
column 12completed.
column 13completed.
column 14completed.
988
[EvidenceSet Inversion Time] : 484101ms
[Reading Time] : 117ms
[Pli Building Time] : 92ms
[Predicates Building Time] : 2ms
Progress: 5.324813631522897%
Progress: 10.649627263045794%
Progress: 15.974440894568689%
Progress: 21.299254526091588%
Progress: 26.624068157614484%
Progress: 31.948881789137378%
Progress: 37.273695420660275%
Progress: 42.598509052183175%
Progress: 47.92332268370607%
Progress: 53.24813631522897%
Progress: 58.57294994675186%
Progress: 63.897763578274756%
Progress: 69.22257720979765%
Progress: 74.54739084132055%
Progress: 79.87220447284345%
Progress: 85.19701810436635%
Progress: 90.52183173588925%
Progress: 95.84664536741214%
22130
[EvidenceSet Building Time] : 4935ms
column 0completed.
column 1completed.
column 2completed.
column 3completed.
column 4completed.
column 5completed.
column 6completed.
column 7completed.
column 8completed.
column 9completed.
column 10completed.
column 11completed.
column 12completed.
column 13completed.
column 14completed.
column 15completed.
column 16completed.
266
[EvidenceSet Inversion Time] : 6380ms
[Reading Time] : 1326ms
[Pli Building Time] : 806ms
[Predicates Building Time] : 2ms
Progress: 0.06799668176193002%
Progress: 0.13599336352386004%
Progress: 0.20399004528579004%
Progress: 0.2719867270477201%
Progress: 0.3399834088096501%
Progress: 0.4079800905715801%
Progress: 0.4759767723335101%
Progress: 0.5439734540954402%
Progress: 0.6119701358573701%
Progress: 0.6799668176193002%
Progress: 0.7479634993812302%
Progress: 0.8159601811431602%
Progress: 0.8839568629050902%
Progress: 0.9519535446670202%
Progress: 1.0199502264289502%
Progress: 1.0879469081908804%
Progress: 1.1559435899528103%
Progress: 1.2239402717147403%
Progress: 1.2919369534766703%
Progress: 1.3599336352386004%
Progress: 1.4279303170005304%
Progress: 1.4959269987624604%
Progress: 1.5639236805243903%
Progress: 1.6319203622863203%
Progress: 1.6999170440482505%
Progress: 1.7679137258101805%
Progress: 1.8359104075721104%
Progress: 1.9039070893340404%
Progress: 1.9719037710959706%
Progress: 2.0399004528579003%
Progress: 2.1078971346198303%
Progress: 2.1758938163817607%
Progress: 2.2438904981436907%
Progress: 2.3118871799056206%
Progress: 2.3798838616675506%
Progress: 2.4478805434294806%
Progress: 2.5158772251914105%
Progress: 2.5838739069533405%
Progress: 2.6518705887152705%
Progress: 2.719867270477201%
Progress: 2.787863952239131%
Progress: 2.855860634001061%
Progress: 2.923857315762991%
Progress: 2.9918539975249208%
Progress: 3.0598506792868507%
Progress: 3.1278473610487807%
Progress: 3.195844042810711%
Progress: 3.2638407245726406%
Progress: 3.331837406334571%
Progress: 3.399834088096501%
Progress: 3.4678307698584305%
Progress: 3.535827451620361%
Progress: 3.6038241333822914%
Progress: 3.671820815144221%
Progress: 3.7398174969061513%
Progress: 3.807814178668081%
Progress: 3.8758108604300108%
Progress: 3.943807542191941%
Progress: 4.011804223953871%
Progress: 4.079800905715801%
Progress: 4.147797587477731%
Progress: 4.215794269239661%
Progress: 4.283790951001591%
Progress: 4.351787632763521%
Progress: 4.419784314525451%
Progress: 4.487780996287381%
Progress: 4.555777678049311%
Progress: 4.623774359811241%
Progress: 4.691771041573172%
Progress: 4.759767723335101%
Progress: 4.827764405097032%
Progress: 4.895761086858961%
Progress: 4.963757768620891%
Progress: 5.031754450382821%
Progress: 5.0997511321447515%
Progress: 5.167747813906681%
Progress: 5.235744495668611%
Progress: 5.303741177430541%
Progress: 5.371737859192471%
Progress: 5.439734540954402%
Progress: 5.507731222716331%
Progress: 5.575727904478262%
Progress: 5.643724586240192%
Progress: 5.711721268002122%
Progress: 5.779717949764052%
Progress: 5.847714631525982%
Progress: 5.915711313287911%
Progress: 5.9837079950498415%
Progress: 6.051704676811771%
Progress: 6.1197013585737015%
Progress: 6.187698040335632%
Progress: 6.255694722097561%
Progress: 6.323691403859491%
Progress: 6.391688085621422%
Progress: 6.459684767383352%
Progress: 6.527681449145281%
Progress: 6.595678130907212%
Progress: 6.663674812669142%
Progress: 6.731671494431072%
Progress: 6.799668176193002%
Progress: 6.8676648579549315%
Progress: 6.935661539716861%
Progress: 7.003658221478792%
Progress: 7.071654903240722%
Progress: 7.139651585002651%
Progress: 7.207648266764583%
Progress: 7.275644948526512%
Progress: 7.343641630288442%
Progress: 7.411638312050373%
Progress: 7.479634993812303%
Progress: 7.547631675574232%
Progress: 7.615628357336162%
Progress: 7.683625039098092%
Progress: 7.7516217208600215%
Progress: 7.819618402621951%
Progress: 7.887615084383882%
Progress: 7.955611766145812%
Progress: 8.023608447907742%
Progress: 8.091605129669672%
Progress: 8.159601811431601%
Progress: 8.22759849319353%
Progress: 8.295595174955462%
Progress: 8.363591856717392%
Progress: 8.431588538479321%
Progress: 8.499585220241253%
Progress: 8.567581902003182%
Progress: 8.635578583765112%
Progress: 8.703575265527043%
Progress: 8.771571947288972%
Progress: 8.839568629050902%
Progress: 8.907565310812831%
Progress: 8.975561992574763%
Progress: 9.043558674336692%
Progress: 9.111555356098622%
Progress: 9.179552037860553%
Progress: 9.247548719622483%
Progress: 9.315545401384412%
Progress: 9.383542083146343%
Progress: 9.451538764908273%
Progress: 9.519535446670202%
Progress: 9.587532128432134%
Progress: 9.655528810194063%
Progress: 9.723525491955993%
Progress: 9.791522173717922%
Progress: 9.859518855479852%
Progress: 9.927515537241781%
Progress: 9.995512219003713%
Progress: 10.063508900765642%
Progress: 10.131505582527572%
Progress: 10.199502264289503%
Progress: 10.267498946051433%
Progress: 10.335495627813362%
Progress: 10.403492309575292%
Progress: 10.471488991337223%
Progress: 10.539485673099152%
Progress: 10.607482354861082%
Progress: 10.675479036623013%
Progress: 10.743475718384943%
Progress: 10.811472400146872%
Progress: 10.879469081908804%
Progress: 10.947465763670733%
Progress: 11.015462445432663%
Progress: 11.083459127194594%
Progress: 11.151455808956523%
Progress: 11.219452490718453%
Progress: 11.287449172480384%
Progress: 11.355445854242314%
Progress: 11.423442536004243%
Progress: 11.491439217766173%
Progress: 11.559435899528104%
Progress: 11.627432581290034%
Progress: 11.695429263051963%
Progress: 11.763425944813893%
Progress: 11.831422626575822%
Progress: 11.899419308337752%
Progress: 11.967415990099683%
Progress: 12.035412671861613%
Progress: 12.103409353623542%
Progress: 12.171406035385473%
Progress: 12.239402717147403%
Progress: 12.307399398909332%
Progress: 12.375396080671264%
Progress: 12.443392762433193%
Progress: 12.511389444195123%
Progress: 12.579386125957054%
Progress: 12.647382807718982%
Progress: 12.715379489480913%
Progress: 12.783376171242844%
Progress: 12.851372853004772%
Progress: 12.919369534766703%
Progress: 12.987366216528635%
Progress: 13.055362898290563%
Progress: 13.123359580052494%
Progress: 13.191356261814423%
Progress: 13.259352943576353%
Progress: 13.327349625338284%
Progress: 13.395346307100214%
Progress: 13.463342988862143%
Progress: 13.531339670624073%
Progress: 13.599336352386004%
Progress: 13.667333034147934%
Progress: 13.735329715909863%
Progress: 13.803326397671794%
Progress: 13.871323079433722%
Progress: 13.939319761195653%
Progress: 14.007316442957585%
Progress: 14.075313124719512%
Progress: 14.143309806481444%
Progress: 14.211306488243375%
Progress: 14.279303170005303%
Progress: 14.347299851767234%
Progress: 14.415296533529165%
Progress: 14.483293215291093%
Progress: 14.551289897053024%
Progress: 14.619286578814956%
Progress: 14.687283260576883%
Progress: 14.755279942338815%
Progress: 14.823276624100746%
Progress: 14.891273305862674%
Progress: 14.959269987624605%
Progress: 15.027266669386535%
Progress: 15.095263351148464%
Progress: 15.163260032910394%
Progress: 15.231256714672323%
Progress: 15.299253396434253%
Progress: 15.367250078196184%
Progress: 15.435246759958114%
Progress: 15.503243441720043%
Progress: 15.571240123481974%
Progress: 15.639236805243902%
Progress: 15.707233487005833%
Progress: 15.775230168767765%
Progress: 15.843226850529692%
Progress: 15.911223532291624%
Progress: 15.979220214053555%
Progress: 16.047216895815485%
Progress: 16.115213577577414%
Progress: 16.183210259339344%
Progress: 16.251206941101273%
Progress: 16.319203622863203%
Progress: 16.387200304625136%
Progress: 16.45519698638706%
Progress: 16.523193668148995%
Progress: 16.591190349910924%
Progress: 16.659187031672854%
Progress: 16.727183713434783%
Progress: 16.795180395196716%
Progress: 16.863177076958642%
Progress: 16.931173758720576%
Progress: 16.999170440482505%
Progress: 17.067167122244435%
Progress: 17.135163804006364%
Progress: 17.203160485768297%
Progress: 17.271157167530223%
Progress: 17.339153849292156%
Progress: 17.407150531054086%
Progress: 17.475147212816015%
Progress: 17.543143894577945%
Progress: 17.611140576339874%
Progress: 17.679137258101804%
Progress: 17.747133939863737%
Progress: 17.815130621625663%
Progress: 17.883127303387596%
Progress: 17.951123985149525%
Progress: 18.019120666911455%
Progress: 18.087117348673384%
Progress: 18.155114030435314%
Progress: 18.223110712197244%
Progress: 18.291107393959173%
Progress: 18.359104075721106%
Progress: 18.427100757483032%
Progress: 18.495097439244965%
Progress: 18.563094121006895%
Progress: 18.631090802768824%
Progress: 18.699087484530754%
Progress: 18.767084166292687%
Progress: 18.835080848054613%
Progress: 18.903077529816546%
Progress: 18.971074211578475%
Progress: 19.039070893340405%
Progress: 19.107067575102334%
Progress: 19.175064256864268%
Progress: 19.243060938626193%
Progress: 19.311057620388127%
Progress: 19.379054302150056%
Progress: 19.447050983911986%
Progress: 19.515047665673915%
Progress: 19.583044347435845%
Progress: 19.651041029197774%
Progress: 19.719037710959704%
Progress: 19.787034392721637%
Progress: 19.855031074483563%
Progress: 19.923027756245496%
Progress: 19.991024438007425%
Progress: 20.059021119769355%
Progress: 20.127017801531284%
Progress: 20.195014483293217%
Progress: 20.263011165055143%
Progress: 20.331007846817077%
Progress: 20.399004528579006%
Progress: 20.467001210340936%
Progress: 20.534997892102865%
Progress: 20.602994573864795%
Progress: 20.670991255626724%
Progress: 20.738987937388657%
Progress: 20.806984619150583%
Progress: 20.874981300912516%
Progress: 20.942977982674446%
Progress: 21.010974664436375%
Progress: 21.078971346198305%
Progress: 21.146968027960238%
Progress: 21.214964709722164%
Progress: 21.282961391484097%
Progress: 21.350958073246026%
Progress: 21.418954755007956%
Progress: 21.486951436769886%
Progress: 21.554948118531815%
Progress: 21.622944800293745%
Progress: 21.690941482055674%
Progress: 21.758938163817607%
Progress: 21.826934845579533%
Progress: 21.894931527341466%
Progress: 21.962928209103396%
Progress: 22.030924890865325%
Progress: 22.098921572627255%
Progress: 22.166918254389188%
Progress: 22.234914936151114%
Progress: 22.302911617913047%
Progress: 22.370908299674976%
Progress: 22.438904981436906%
Progress: 22.506901663198835%
Progress: 22.57489834496077%
Progress: 22.642895026722694%
Progress: 22.710891708484628%
Progress: 22.778888390246557%
Progress: 22.846885072008487%
Progress: 22.914881753770416%
Progress: 22.982878435532346%
Progress: 23.050875117294275%
Progress: 23.11887179905621%
Progress: 23.186868480818138%
Progress: 23.254865162580067%
Progress: 23.322861844341997%
Progress: 23.390858526103926%
Progress: 23.458855207865856%
Progress: 23.526851889627785%
Progress: 23.594848571389715%
Progress: 23.662845253151644%
Progress: 23.730841934913578%
Progress: 23.798838616675503%
Progress: 23.866835298437437%
Progress: 23.934831980199366%
Progress: 24.002828661961296%
Progress: 24.070825343723225%
Progress: 24.138822025485158%
Progress: 24.206818707247084%
Progress: 24.274815389009017%
Progress: 24.342812070770947%
Progress: 24.410808752532876%
Progress: 24.478805434294806%
Progress: 24.54680211605674%
Progress: 24.614798797818665%
Progress: 24.682795479580598%
Progress: 24.750792161342527%
Progress: 24.818788843104457%
Progress: 24.886785524866387%
Progress: 24.954782206628316%
Progress: 25.022778888390246%
Progress: 25.090775570152175%
Progress: 25.158772251914108%
Progress: 25.226768933676034%
Progress: 25.294765615437964%
Progress: 25.362762297199897%
Progress: 25.430758978961826%
Progress: 25.498755660723756%
Progress: 25.56675234248569%
Progress: 25.634749024247615%
Progress: 25.702745706009544%
Progress: 25.770742387771477%
Progress: 25.838739069533407%
Progress: 25.906735751295333%
Progress: 25.97473243305727%
Progress: 26.042729114819196%
Progress: 26.110725796581125%
Progress: 26.178722478343058%
Progress: 26.246719160104988%
Progress: 26.314715841866914%
Progress: 26.382712523628847%
Progress: 26.450709205390776%
Progress: 26.518705887152706%
Progress: 26.58670256891464%
Progress: 26.65469925067657%
Progress: 26.722695932438494%
Progress: 26.790692614200427%
Progress: 26.858689295962357%
Progress: 26.926685977724286%
Progress: 26.99468265948622%
Progress: 27.062679341248145%
Progress: 27.130676023010075%
Progress: 27.198672704772008%
Progress: 27.266669386533938%
Progress: 27.334666068295867%
Progress: 27.4026627500578%
Progress: 27.470659431819726%
Progress: 27.538656113581656%
Progress: 27.60665279534359%
Progress: 27.67464947710552%
Progress: 27.742646158867444%
Progress: 27.81064284062938%
Progress: 27.878639522391307%
Progress: 27.946636204153236%
Progress: 28.01463288591517%
Progress: 28.0826295676771%
Progress: 28.150626249439025%
Progress: 28.218622931200958%
Progress: 28.286619612962888%
Progress: 28.354616294724817%
Progress: 28.42261297648675%
Progress: 28.49060965824868%
Progress: 28.558606340010606%
Progress: 28.62660302177254%
Progress: 28.694599703534468%
Progress: 28.762596385296398%
Progress: 28.83059306705833%
Progress: 28.898589748820257%
Progress: 28.966586430582186%
Progress: 29.03458311234412%
Progress: 29.10257979410605%
Progress: 29.170576475867975%
Progress: 29.23857315762991%
Progress: 29.306569839391837%
Progress: 29.374566521153767%
Progress: 29.4425632029157%
Progress: 29.51055988467763%
Progress: 29.578556566439556%
Progress: 29.646553248201492%
Progress: 29.714549929963418%
Progress: 29.782546611725348%
Progress: 29.85054329348728%
Progress: 29.91853997524921%
Progress: 29.986536657011136%
Progress: 30.05453333877307%
Progress: 30.122530020535%
Progress: 30.19052670229693%
Progress: 30.258523384058854%
Progress: 30.326520065820787%
Progress: 30.394516747582717%
Progress: 30.462513429344646%
Progress: 30.53051011110658%
Progress: 30.598506792868505%
Progress: 30.666503474630435%
Progress: 30.734500156392368%
Progress: 30.802496838154298%
Progress: 30.870493519916227%
Progress: 30.93849020167816%
Progress: 31.006486883440086%
Progress: 31.074483565202016%
Progress: 31.14248024696395%
Progress: 31.21047692872588%
Progress: 31.278473610487804%
Progress: 31.34647029224974%
Progress: 31.414466974011667%
Progress: 31.482463655773596%
Progress: 31.55046033753553%
Progress: 31.61845701929746%
Progress: 31.686453701059385%
Progress: 31.754450382821318%
Progress: 31.822447064583248%
Progress: 31.890443746345177%
Progress: 31.95844042810711%
Progress: 32.026437109869036%
Progress: 32.09443379163097%
Progress: 32.1624304733929%
Progress: 32.23042715515483%
Progress: 32.298423836916754%
Progress: 32.36642051867869%
Progress: 32.43441720044062%
Progress: 32.502413882202546%
Progress: 32.57041056396448%
Progress: 32.638407245726405%
Progress: 32.70640392748834%
Progress: 32.77440060925027%
Progress: 32.8423972910122%
Progress: 32.91039397277412%
Progress: 32.978390654536064%
Progress: 33.04638733629799%
Progress: 33.114384018059916%
Progress: 33.18238069982185%
Progress: 33.25037738158378%
Progress: 33.31837406334571%
Progress: 33.38637074510764%
Progress: 33.45436742686957%
Progress: 33.5223641086315%
Progress: 33.59036079039343%
Progress: 33.65835747215536%
Progress: 33.726354153917285%
Progress: 33.79435083567922%
Progress: 33.86234751744115%
Progress: 33.93034419920308%
Progress: 33.99834088096501%
Progress: 34.066337562726936%
Progress: 34.13433424448887%
Progress: 34.2023309262508%
Progress: 34.27032760801273%
Progress: 34.33832428977466%
Progress: 34.406320971536594%
Progress: 34.47431765329852%
Progress: 34.542314335060446%
Progress: 34.61031101682238%
Progress: 34.67830769858431%
Progress: 34.74630438034624%
Progress: 34.81430106210817%
Progress: 34.8822977438701%
Progress: 34.95029442563203%
Progress: 35.018291107393964%
Progress: 35.08628778915589%
Progress: 35.154284470917815%
Progress: 35.22228115267975%
Progress: 35.29027783444168%
Progress: 35.35827451620361%
Progress: 35.42627119796554%
Progress: 35.494267879727474%
Progress: 35.5622645614894%
Progress: 35.630261243251326%
Progress: 35.69825792501326%
Progress: 35.76625460677519%
Progress: 35.83425128853712%
Progress: 35.90224797029905%
Progress: 35.97024465206098%
Progress: 36.03824133382291%
Progress: 36.10623801558484%
Progress: 36.17423469734677%
Progress: 36.242231379108695%
Progress: 36.31022806087063%
Progress: 36.37822474263256%
Progress: 36.44622142439449%
Progress: 36.51421810615642%
Progress: 36.582214787918346%
Progress: 36.65021146968028%
Progress: 36.71820815144221%
Progress: 36.78620483320414%
Progress: 36.854201514966064%
Progress: 36.922198196728004%
Progress: 36.99019487848993%
Progress: 37.058191560251856%
Progress: 37.12618824201379%
Progress: 37.19418492377572%
Progress: 37.26218160553765%
Progress: 37.33017828729958%
Progress: 37.39817496906151%
Progress: 37.46617165082344%
Progress: 37.534168332585374%
Progress: 37.6021650143473%
Progress: 37.670161696109226%
Progress: 37.73815837787116%
Progress: 37.80615505963309%
Progress: 37.87415174139502%
Progress: 37.94214842315695%
Progress: 38.01014510491888%
Progress: 38.07814178668081%
Progress: 38.14613846844274%
Progress: 38.21413515020467%
Progress: 38.282131831966595%
Progress: 38.350128513728535%
Progress: 38.41812519549046%
Progress: 38.48612187725239%
Progress: 38.55411855901432%
Progress: 38.62211524077625%
Progress: 38.69011192253818%
Progress: 38.75810860430011%
Progress: 38.82610528606204%
Progress: 38.89410196782397%
Progress: 38.962098649585904%
Progress: 39.03009533134783%
Progress: 39.098092013109756%
Progress: 39.16608869487169%
Progress: 39.23408537663362%
Progress: 39.30208205839555%
Progress: 39.37007874015748%
Progress: 39.43807542191941%
Progress: 39.50607210368134%
Progress: 39.574068785443274%
Progress: 39.6420654672052%
Progress: 39.710062148967125%
Progress: 39.778058830729066%
Progress: 39.84605551249099%
Progress: 39.91405219425292%
Progress: 39.98204887601485%
Progress: 40.050045557776784%
Progress: 40.11804223953871%
Progress: 40.18603892130064%
Progress: 40.25403560306257%
Progress: 40.3220322848245%
Progress: 40.390028966586435%
Progress: 40.45802564834836%
Progress: 40.52602233011029%
Progress: 40.59401901187222%
Progress: 40.66201569363415%
Progress: 40.73001237539608%
Progress: 40.79800905715801%
Progress: 40.86600573891994%
Progress: 40.93400242068187%
Progress: 41.0019991024438%
Progress: 41.06999578420573%
Progress: 41.13799246596766%
Progress: 41.20598914772959%
Progress: 41.27398582949152%
Progress: 41.34198251125345%
Progress: 41.40997919301538%
Progress: 41.477975874777314%
Progress: 41.54597255653924%
Progress: 41.613969238301166%
Progress: 41.6819659200631%
Progress: 41.74996260182503%
Progress: 41.81795928358696%
Progress: 41.88595596534889%
Progress: 41.95395264711082%
Progress: 42.02194932887275%
Progress: 42.089946010634684%
Progress: 42.15794269239661%
Progress: 42.225939374158536%
Progress: 42.293936055920476%
Progress: 42.3619327376824%
Progress: 42.42992941944433%
Progress: 42.49792610120626%
Progress: 42.565922782968194%
Progress: 42.63391946473012%
Progress: 42.70191614649205%
Progress: 42.76991282825398%
Progress: 42.83790951001591%
Progress: 42.905906191777845%
Progress: 42.97390287353977%
Progress: 43.0418995553017%
Progress: 43.10989623706363%
Progress: 43.17789291882556%
Progress: 43.24588960058749%
Progress: 43.31388628234942%
Progress: 43.38188296411135%
Progress: 43.44987964587328%
Progress: 43.517876327635214%
Progress: 43.58587300939714%
Progress: 43.653869691159066%
Progress: 43.721866372921006%
Progress: 43.78986305468293%
Progress: 43.85785973644486%
Progress: 43.92585641820679%
Progress: 43.993853099968725%
Progress: 44.06184978173065%
Progress: 44.12984646349258%
Progress: 44.19784314525451%
Progress: 44.26583982701644%
Progress: 44.333836508778376%
Progress: 44.4018331905403%
Progress: 44.46982987230223%
Progress: 44.53782655406416%
Progress: 44.605823235826094%
Progress: 44.67381991758802%
Progress: 44.74181659934995%
Progress: 44.80981328111188%
Progress: 44.87780996287381%
Progress: 44.945806644635745%
Progress: 45.01380332639767%
Progress: 45.081800008159604%
Progress: 45.14979668992154%
Progress: 45.21779337168346%
Progress: 45.28579005344539%
Progress: 45.35378673520732%
Progress: 45.421783416969255%
Progress: 45.48978009873118%
Progress: 45.557776780493114%
Progress: 45.62577346225504%
Progress: 45.69377014401697%
Progress: 45.761766825778906%
Progress: 45.82976350754083%
Progress: 45.89776018930276%
Progress: 45.96575687106469%
Progress: 46.033753552826624%
Progress: 46.10175023458855%
Progress: 46.16974691635048%
Progress: 46.23774359811242%
Progress: 46.30574027987434%
Progress: 46.373736961636276%
Progress: 46.4417336433982%
Progress: 46.509730325160135%
Progress: 46.57772700692206%
Progress: 46.645723688683994%
Progress: 46.71372037044592%
Progress: 46.78171705220785%
Progress: 46.849713733969786%
Progress: 46.91771041573171%
Progress: 46.98570709749364%
Progress: 47.05370377925557%
Progress: 47.121700461017504%
Progress: 47.18969714277943%
Progress: 47.25769382454136%
Progress: 47.32569050630329%
Progress: 47.39368718806522%
Progress: 47.461683869827155%
Progress: 47.52968055158908%
Progress: 47.59767723335101%
Progress: 47.66567391511295%
Progress: 47.73367059687487%
Progress: 47.8016672786368%
Progress: 47.86966396039873%
Progress: 47.937660642160665%
Progress: 48.00565732392259%
Progress: 48.073654005684524%
Progress: 48.14165068744645%
Progress: 48.20964736920838%
Progress: 48.277644050970316%
Progress: 48.34564073273224%
Progress: 48.41363741449417%
Progress: 48.4816340962561%
Progress: 48.549630778018035%
Progress: 48.61762745977996%
Progress: 48.68562414154189%
Progress: 48.75362082330382%
Progress: 48.82161750506575%
Progress: 48.889614186827686%
Progress: 48.95761086858961%
Progress: 49.02560755035154%
Progress: 49.09360423211348%
Progress: 49.161600913875404%
Progress: 49.22959759563733%
Progress: 49.29759427739926%
Progress: 49.365590959161196%
Progress: 49.43358764092312%
Progress: 49.501584322685055%
Progress: 49.56958100444698%
Progress: 49.637577686208914%
Progress: 49.70557436797085%
Progress: 49.77357104973277%
Progress: 49.8415677314947%
Progress: 49.90956441325663%
Progress: 49.977561095018565%
Progress: 50.04555777678049%
Progress: 50.11355445854242%
Progress: 50.18155114030435%
Progress: 50.24954782206629%
Progress: 50.317544503828216%
Progress: 50.38554118559014%
Progress: 50.45353786735207%
Progress: 50.521534549114%
Progress: 50.58953123087593%
Progress: 50.65752791263787%
Progress: 50.72552459439979%
Progress: 50.79352127616173%
Progress: 50.86151795792365%
Progress: 50.92951463968558%
Progress: 50.99751132144751%
Progress: 51.065508003209445%
Progress: 51.13350468497138%
Progress: 51.201501366733304%
Progress: 51.26949804849523%
Progress: 51.33749473025716%
Progress: 51.40549141201909%
Progress: 51.47348809378103%
Progress: 51.541484775542955%
Progress: 51.60948145730488%
Progress: 51.677478139066814%
Progress: 51.74547482082874%
Progress: 51.813471502590666%
Progress: 51.881468184352606%
Progress: 51.94946486611454%
Progress: 52.017461547876465%
Progress: 52.08545822963839%
Progress: 52.153454911400324%
Progress: 52.22145159316225%
Progress: 52.28944827492419%
Progress: 52.357444956686116%
Progress: 52.42544163844804%
Progress: 52.493438320209975%
Progress: 52.5614350019719%
Progress: 52.62943168373383%
Progress: 52.69742836549577%
Progress: 52.76542504725769%
Progress: 52.833421729019626%
Progress: 52.90141841078155%
Progress: 52.96941509254348%
Progress: 53.03741177430541%
Progress: 53.10540845606735%
Progress: 53.17340513782928%
Progress: 53.2414018195912%
Progress: 53.30939850135314%
Progress: 53.37739518311506%
Progress: 53.44539186487699%
Progress: 53.51338854663893%
Progress: 53.581385228400855%
Progress: 53.64938191016279%
Progress: 53.717378591924714%
Progress: 53.78537527368664%
Progress: 53.85337195544857%
Progress: 53.921368637210506%
Progress: 53.98936531897244%
Progress: 54.057362000734365%
Progress: 54.12535868249629%
Progress: 54.193355364258224%
Progress: 54.26135204602015%
Progress: 54.32934872778209%
Progress: 54.397345409544016%
Progress: 54.46534209130595%
Progress: 54.533338773067875%
Progress: 54.6013354548298%
Progress: 54.669332136591734%
Progress: 54.73732881835366%
Progress: 54.8053255001156%
Progress: 54.873322181877526%
Progress: 54.94131886363945%
Progress: 55.009315545401385%
Progress: 55.07731222716331%
Progress: 55.14530890892524%
Progress: 55.21330559068718%
Progress: 55.2813022724491%
Progress: 55.34929895421104%
Progress: 55.41729563597296%
Progress: 55.48529231773489%
Progress: 55.55328899949682%
Progress: 55.62128568125876%
Progress: 55.68928236302069%
Progress: 55.757279044782614%
Progress: 55.82527572654455%
Progress: 55.89327240830647%
Progress: 55.9612690900684%
Progress: 56.02926577183034%
Progress: 56.097262453592265%
Progress: 56.1652591353542%
Progress: 56.233255817116124%
Progress: 56.30125249887805%
Progress: 56.36924918063998%
Progress: 56.437245862401916%
Progress: 56.50524254416385%
Progress: 56.573239225925775%
Progress: 56.6412359076877%
Progress: 56.709232589449634%
Progress: 56.77722927121156%
Progress: 56.8452259529735%
Progress: 56.913222634735426%
Progress: 56.98121931649736%
Progress: 57.049215998259285%
Progress: 57.11721268002121%
Progress: 57.18520936178314%
Progress: 57.25320604354508%
Progress: 57.32120272530701%
Progress: 57.389199407068936%
Progress: 57.45719608883086%
Progress: 57.525192770592795%
Progress: 57.59318945235472%
Progress: 57.66118613411666%
Progress: 57.72918281587859%
Progress: 57.79717949764051%
Progress: 57.86517617940245%
Progress: 57.93317286116437%
Progress: 58.0011695429263%
Progress: 58.06916622468824%
Progress: 58.13716290645017%
Progress: 58.2051595882121%
Progress: 58.273156269974024%
Progress: 58.34115295173595%
Progress: 58.40914963349788%
Progress: 58.47714631525982%
Progress: 58.54514299702175%
Progress: 58.613139678783675%
Progress: 58.68113636054561%
Progress: 58.749133042307534%
Progress: 58.81712972406946%
Progress: 58.8851264058314%
Progress: 58.953123087593326%
Progress: 59.02111976935526%
Progress: 59.089116451117185%
Progress: 59.15711313287911%
Progress: 59.225109814641044%
Progress: 59.293106496402984%
Progress: 59.36110317816491%
Progress: 59.429099859926836%
Progress: 59.49709654168876%
Progress: 59.565093223450695%
Progress: 59.63308990521262%
Progress: 59.70108658697456%
Progress: 59.76908326873649%
Progress: 59.83707995049842%
Progress: 59.90507663226035%
Progress: 59.97307331402227%
Progress: 60.0410699957842%
Progress: 60.10906667754614%
Progress: 60.17706335930807%
Progress: 60.24506004107%
Progress: 60.313056722831924%
Progress: 60.38105340459386%
Progress: 60.44905008635578%
Progress: 60.51704676811771%
Progress: 60.58504344987965%
Progress: 60.653040131641575%
Progress: 60.72103681340351%
Progress: 60.789033495165434%
Progress: 60.85703017692736%
Progress: 60.92502685868929%
Progress: 60.99302354045123%
Progress: 61.06102022221316%
Progress: 61.129016903975085%
Progress: 61.19701358573701%
Progress: 61.265010267498944%
Progress: 61.33300694926087%
Progress: 61.40100363102281%
Progress: 61.469000312784736%
Progress: 61.53699699454667%
Progress: 61.604993676308595%
Progress: 61.67299035807052%
Progress: 61.740987039832454%
Progress: 61.80898372159439%
Progress: 61.87698040335632%
Progress: 61.944977085118246%
Progress: 62.01297376688017%
Progress: 62.080970448642105%
Progress: 62.14896713040403%
Progress: 62.21696381216597%
Progress: 62.2849604939279%
Progress: 62.35295717568982%
Progress: 62.42095385745176%
Progress: 62.48895053921368%
Progress: 62.55694722097561%
Progress: 62.62494390273755%
Progress: 62.69294058449948%
Progress: 62.76093726626141%
Progress: 62.828933948023334%
Progress: 62.89693062978527%
Progress: 62.96492731154719%
Progress: 63.03292399330913%
Progress: 63.10092067507106%
Progress: 63.168917356832985%
Progress: 63.23691403859492%
Progress: 63.304910720356844%
Progress: 63.37290740211877%
Progress: 63.44090408388071%
Progress: 63.508900765642636%
Progress: 63.57689744740457%
Progress: 63.644894129166495%
Progress: 63.71289081092842%
Progress: 63.780887492690354%
Progress: 63.848884174452294%
Progress: 63.91688085621422%
Progress: 63.984877537976146%
Progress: 64.05287421973807%
Progress: 64.1208709015%
Progress: 64.18886758326194%
Progress: 64.25686426502388%
Progress: 64.3248609467858%
Progress: 64.39285762854773%
Progress: 64.46085431030966%
Progress: 64.52885099207158%
Progress: 64.59684767383351%
Progress: 64.66484435559545%
Progress: 64.73284103735737%
Progress: 64.80083771911931%
Progress: 64.86883440088124%
Progress: 64.93683108264317%
Progress: 65.00482776440509%
Progress: 65.07282444616703%
Progress: 65.14082112792896%
Progress: 65.20881780969088%
Progress: 65.27681449145281%
Progress: 65.34481117321475%
Progress: 65.41280785497668%
Progress: 65.48080453673862%
Progress: 65.54880121850054%
Progress: 65.61679790026247%
Progress: 65.6847945820244%
Progress: 65.75279126378632%
Progress: 65.82078794554825%
Progress: 65.88878462731019%
Progress: 65.95678130907213%
Progress: 66.02477799083405%
Progress: 66.09277467259598%
Progress: 66.1607713543579%
Progress: 66.22876803611983%
Progress: 66.29676471788176%
Progress: 66.3647613996437%
Progress: 66.43275808140562%
Progress: 66.50075476316756%
Progress: 66.56875144492949%
Progress: 66.63674812669142%
Progress: 66.70474480845334%
Progress: 66.77274149021528%
Progress: 66.84073817197721%
Progress: 66.90873485373913%
Progress: 66.97673153550106%
Progress: 67.044728217263%
Progress: 67.11272489902493%
Progress: 67.18072158078687%
Progress: 67.24871826254879%
Progress: 67.31671494431072%
Progress: 67.38471162607264%
Progress: 67.45270830783457%
Progress: 67.52070498959651%
Progress: 67.58870167135844%
Progress: 67.65669835312038%
Progress: 67.7246950348823%
Progress: 67.79269171664423%
Progress: 67.86068839840615%
Progress: 67.92868508016808%
Progress: 67.99668176193002%
Progress: 68.06467844369195%
Progress: 68.13267512545387%
Progress: 68.20067180721581%
Progress: 68.26866848897774%
Progress: 68.33666517073966%
Progress: 68.4046618525016%
Progress: 68.47265853426353%
Progress: 68.54065521602546%
Progress: 68.60865189778738%
Progress: 68.67664857954932%
Progress: 68.74464526131125%
Progress: 68.81264194307319%
Progress: 68.88063862483511%
Progress: 68.94863530659704%
Progress: 69.01663198835897%
Progress: 69.08462867012089%
Progress: 69.15262535188282%
Progress: 69.22062203364476%
Progress: 69.28861871540668%
Progress: 69.35661539716862%
Progress: 69.42461207893055%
Progress: 69.49260876069248%
Progress: 69.5606054424544%
Progress: 69.62860212421634%
Progress: 69.69659880597827%
Progress: 69.7645954877402%
Progress: 69.83259216950213%
Progress: 69.90058885126406%
Progress: 69.96858553302599%
Progress: 70.03658221478793%
Progress: 70.10457889654985%
Progress: 70.17257557831178%
Progress: 70.2405722600737%
Progress: 70.30856894183563%
Progress: 70.37656562359757%
Progress: 70.4445623053595%
Progress: 70.51255898712144%
Progress: 70.58055566888336%
Progress: 70.64855235064529%
Progress: 70.71654903240722%
Progress: 70.78454571416914%
Progress: 70.85254239593108%
Progress: 70.92053907769301%
Progress: 70.98853575945495%
Progress: 71.05653244121687%
Progress: 71.1245291229788%
Progress: 71.19252580474073%
Progress: 71.26052248650265%
Progress: 71.32851916826459%
Progress: 71.39651585002652%
Progress: 71.46451253178844%
Progress: 71.53250921355038%
Progress: 71.60050589531231%
Progress: 71.66850257707424%
Progress: 71.73649925883618%
Progress: 71.8044959405981%
Progress: 71.87249262236003%
Progress: 71.94048930412195%
Progress: 72.00848598588388%
Progress: 72.07648266764582%
Progress: 72.14447934940776%
Progress: 72.21247603116969%
Progress: 72.28047271293161%
Progress: 72.34846939469354%
Progress: 72.41646607645546%
Progress: 72.48446275821739%
Progress: 72.55245943997933%
Progress: 72.62045612174126%
Progress: 72.6884528035032%
Progress: 72.75644948526512%
Progress: 72.82444616702705%
Progress: 72.89244284878897%
Progress: 72.96043953055091%
Progress: 73.02843621231284%
Progress: 73.09643289407477%
Progress: 73.16442957583669%
Progress: 73.23242625759863%
Progress: 73.30042293936056%
Progress: 73.3684196211225%
Progress: 73.43641630288442%
Progress: 73.50441298464635%
Progress: 73.57240966640828%
Progress: 73.6404063481702%
Progress: 73.70840302993213%
Progress: 73.77639971169407%
Progress: 73.84439639345601%
Progress: 73.91239307521793%
Progress: 73.98038975697986%
Progress: 74.04838643874179%
Progress: 74.11638312050371%
Progress: 74.18437980226565%
Progress: 74.25237648402758%
Progress: 74.3203731657895%
Progress: 74.38836984755144%
Progress: 74.45636652931337%
Progress: 74.5243632110753%
Progress: 74.59235989283724%
Progress: 74.66035657459916%
Progress: 74.72835325636109%
Progress: 74.79634993812302%
Progress: 74.86434661988494%
Progress: 74.93234330164688%
Progress: 75.00033998340882%
Progress: 75.06833666517075%
Progress: 75.13633334693267%
Progress: 75.2043300286946%
Progress: 75.27232671045653%
Progress: 75.34032339221845%
Progress: 75.40832007398039%
Progress: 75.47631675574232%
Progress: 75.54431343750426%
Progress: 75.61231011926618%
Progress: 75.68030680102811%
Progress: 75.74830348279004%
Progress: 75.81630016455198%
Progress: 75.8842968463139%
Progress: 75.95229352807583%
Progress: 76.02029020983775%
Progress: 76.0882868915997%
Progress: 76.15628357336162%
Progress: 76.22428025512356%
Progress: 76.29227693688549%
Progress: 76.36027361864741%
Progress: 76.42827030040934%
Progress: 76.49626698217126%
Progress: 76.56426366393319%
Progress: 76.63226034569513%
Progress: 76.70025702745707%
Progress: 76.768253709219%
Progress: 76.83625039098092%
Progress: 76.90424707274285%
Progress: 76.97224375450477%
Progress: 77.0402404362667%
Progress: 77.10823711802864%
Progress: 77.17623379979057%
Progress: 77.2442304815525%
Progress: 77.31222716331443%
Progress: 77.38022384507636%
Progress: 77.44822052683828%
Progress: 77.51621720860022%
Progress: 77.58421389036215%
Progress: 77.65221057212408%
Progress: 77.720207253886%
Progress: 77.78820393564794%
Progress: 77.85620061740987%
Progress: 77.92419729917181%
Progress: 77.99219398093373%
Progress: 78.06019066269566%
Progress: 78.12818734445759%
Progress: 78.19618402621951%
Progress: 78.26418070798144%
Progress: 78.33217738974338%
Progress: 78.40017407150532%
Progress: 78.46817075326724%
Progress: 78.53616743502917%
Progress: 78.6041641167911%
Progress: 78.67216079855302%
Progress: 78.74015748031496%
Progress: 78.80815416207689%
Progress: 78.87615084383881%
Progress: 78.94414752560075%
Progress: 79.01214420736268%
Progress: 79.0801408891246%
Progress: 79.14813757088655%
Progress: 79.21613425264847%
Progress: 79.2841309344104%
Progress: 79.35212761617233%
Progress: 79.42012429793425%
Progress: 79.48812097969619%
Progress: 79.55611766145813%
Progress: 79.62411434322006%
Progress: 79.69211102498198%
Progress: 79.76010770674391%
Progress: 79.82810438850584%
Progress: 79.89610107026776%
Progress: 79.9640977520297%
Progress: 80.03209443379163%
Progress: 80.10009111555357%
Progress: 80.1680877973155%
Progress: 80.23608447907742%
Progress: 80.30408116083935%
Progress: 80.37207784260129%
Progress: 80.44007452436321%
Progress: 80.50807120612514%
Progress: 80.57606788788706%
Progress: 80.644064569649%
Progress: 80.71206125141093%
Progress: 80.78005793317287%
Progress: 80.8480546149348%
Progress: 80.91605129669672%
Progress: 80.98404797845865%
Progress: 81.05204466022057%
Progress: 81.12004134198251%
Progress: 81.18803802374444%
Progress: 81.25603470550638%
Progress: 81.3240313872683%
Progress: 81.39202806903023%
Progress: 81.46002475079216%
Progress: 81.52802143255408%
Progress: 81.59601811431602%
Progress: 81.66401479607795%
Progress: 81.73201147783988%
Progress: 81.80000815960182%
Progress: 81.86800484136374%
Progress: 81.93600152312567%
Progress: 82.0039982048876%
Progress: 82.07199488664953%
Progress: 82.13999156841146%
Progress: 82.20798825017339%
Progress: 82.27598493193533%
Progress: 82.34398161369725%
Progress: 82.41197829545918%
Progress: 82.47997497722112%
Progress: 82.54797165898304%
Progress: 82.61596834074497%
Progress: 82.6839650225069%
Progress: 82.75196170426882%
Progress: 82.81995838603076%
Progress: 82.88795506779269%
Progress: 82.95595174955463%
Progress: 83.02394843131655%
Progress: 83.09194511307848%
Progress: 83.1599417948404%
Progress: 83.22793847660233%
Progress: 83.29593515836427%
Progress: 83.3639318401262%
Progress: 83.43192852188814%
Progress: 83.49992520365006%
Progress: 83.56792188541199%
Progress: 83.63591856717392%
Progress: 83.70391524893586%
Progress: 83.77191193069778%
Progress: 83.83990861245971%
Progress: 83.90790529422164%
Progress: 83.97590197598358%
Progress: 84.0438986577455%
Progress: 84.11189533950744%
Progress: 84.17989202126937%
Progress: 84.2478887030313%
Progress: 84.31588538479322%
Progress: 84.38388206655515%
Progress: 84.45187874831707%
Progress: 84.51987543007901%
Progress: 84.58787211184095%
Progress: 84.65586879360288%
Progress: 84.7238654753648%
Progress: 84.79186215712673%
Progress: 84.85985883888866%
Progress: 84.9278555206506%
Progress: 84.99585220241252%
Progress: 85.06384888417445%
Progress: 85.13184556593639%
Progress: 85.19984224769831%
Progress: 85.26783892946024%
Progress: 85.33583561122218%
Progress: 85.4038322929841%
Progress: 85.47182897474603%
Progress: 85.53982565650796%
Progress: 85.60782233826988%
Progress: 85.67581902003182%
Progress: 85.74381570179376%
Progress: 85.81181238355569%
Progress: 85.87980906531762%
Progress: 85.94780574707954%
Progress: 86.01580242884147%
Progress: 86.0837991106034%
Progress: 86.15179579236533%
Progress: 86.21979247412726%
Progress: 86.2877891558892%
Progress: 86.35578583765113%
Progress: 86.42378251941305%
Progress: 86.49177920117498%
Progress: 86.55977588293692%
Progress: 86.62777256469884%
Progress: 86.69576924646077%
Progress: 86.7637659282227%
Progress: 86.83176260998464%
Progress: 86.89975929174656%
Progress: 86.9677559735085%
Progress: 87.03575265527043%
Progress: 87.10374933703235%
Progress: 87.17174601879428%
Progress: 87.2397427005562%
Progress: 87.30773938231813%
Progress: 87.37573606408007%
Progress: 87.44373274584201%
Progress: 87.51172942760394%
Progress: 87.57972610936586%
Progress: 87.64772279112779%
Progress: 87.71571947288972%
Progress: 87.78371615465164%
Progress: 87.85171283641358%
Progress: 87.91970951817551%
Progress: 87.98770619993745%
Progress: 88.05570288169937%
Progress: 88.1236995634613%
Progress: 88.19169624522323%
Progress: 88.25969292698517%
Progress: 88.3276896087471%
Progress: 88.39568629050902%
Progress: 88.46368297227095%
Progress: 88.53167965403289%
Progress: 88.59967633579481%
Progress: 88.66767301755675%
Progress: 88.73566969931868%
Progress: 88.8036663810806%
Progress: 88.87166306284253%
Progress: 88.93965974460446%
Progress: 89.0076564263664%
Progress: 89.07565310812832%
Progress: 89.14364978989026%
Progress: 89.21164647165219%
Progress: 89.27964315341411%
Progress: 89.34763983517604%
Progress: 89.41563651693797%
Progress: 89.4836331986999%
Progress: 89.55162988046183%
Progress: 89.61962656222376%
Progress: 89.6876232439857%
Progress: 89.75561992574762%
Progress: 89.82361660750955%
Progress: 89.89161328927149%
Progress: 89.95960997103342%
Progress: 90.02760665279534%
Progress: 90.09560333455727%
Progress: 90.16360001631921%
Progress: 90.23159669808113%
Progress: 90.29959337984307%
Progress: 90.367590061605%
Progress: 90.43558674336693%
Progress: 90.50358342512885%
Progress: 90.57158010689078%
Progress: 90.6395767886527%
Progress: 90.70757347041464%
Progress: 90.77557015217657%
Progress: 90.84356683393851%
Progress: 90.91156351570044%
Progress: 90.97956019746236%
Progress: 91.04755687922429%
Progress: 91.11555356098623%
Progress: 91.18355024274815%
Progress: 91.25154692451008%
Progress: 91.31954360627202%
Progress: 91.38754028803395%
Progress: 91.45553696979587%
Progress: 91.52353365155781%
Progress: 91.59153033331974%
Progress: 91.65952701508166%
Progress: 91.72752369684359%
Progress: 91.79552037860552%
Progress: 91.86351706036746%
Progress: 91.93151374212938%
Progress: 91.99951042389132%
Progress: 92.06750710565325%
Progress: 92.13550378741517%
Progress: 92.2035004691771%
Progress: 92.27149715093903%
Progress: 92.33949383270097%
Progress: 92.40749051446289%
Progress: 92.47548719622483%
Progress: 92.54348387798676%
Progress: 92.61148055974868%
Progress: 92.67947724151061%
Progress: 92.74747392327255%
Progress: 92.81547060503448%
Progress: 92.8834672867964%
Progress: 92.95146396855833%
Progress: 93.01946065032027%
Progress: 93.0874573320822%
Progress: 93.15545401384412%
Progress: 93.22345069560606%
Progress: 93.29144737736799%
Progress: 93.35944405912991%
Progress: 93.42744074089184%
Progress: 93.49543742265377%
Progress: 93.5634341044157%
Progress: 93.63143078617765%
Progress: 93.69942746793957%
Progress: 93.7674241497015%
Progress: 93.83542083146342%
Progress: 93.90341751322535%
Progress: 93.97141419498728%
Progress: 94.03941087674922%
Progress: 94.10740755851114%
Progress: 94.17540424027308%
Progress: 94.24340092203501%
Progress: 94.31139760379693%
Progress: 94.37939428555886%
Progress: 94.4473909673208%
Progress: 94.51538764908273%
Progress: 94.58338433084465%
Progress: 94.65138101260658%
Progress: 94.71937769436852%
Progress: 94.78737437613044%
Progress: 94.85537105789238%
Progress: 94.92336773965431%
Progress: 94.99136442141624%
Progress: 95.05936110317816%
Progress: 95.12735778494009%
Progress: 95.19535446670201%
Progress: 95.26335114846395%
Progress: 95.3313478302259%
Progress: 95.39934451198782%
Progress: 95.46734119374975%
Progress: 95.53533787551167%
Progress: 95.6033345572736%
Progress: 95.67133123903554%
Progress: 95.73932792079746%
Progress: 95.80732460255939%
Progress: 95.87532128432133%
Progress: 95.94331796608326%
Progress: 96.01131464784518%
Progress: 96.07931132960712%
Progress: 96.14730801136905%
Progress: 96.21530469313097%
Progress: 96.2833013748929%
Progress: 96.35129805665483%
Progress: 96.41929473841677%
Progress: 96.4872914201787%
Progress: 96.55528810194063%
Progress: 96.62328478370256%
Progress: 96.69128146546448%
Progress: 96.75927814722641%
Progress: 96.82727482898834%
Progress: 96.89527151075028%
Progress: 96.9632681925122%
Progress: 97.03126487427414%
Progress: 97.09926155603607%
Progress: 97.167258237798%
Progress: 97.23525491955992%
Progress: 97.30325160132186%
Progress: 97.37124828308379%
Progress: 97.43924496484571%
Progress: 97.50724164660764%
Progress: 97.57523832836958%
Progress: 97.6432350101315%
Progress: 97.71123169189345%
Progress: 97.77922837365537%
Progress: 97.8472250554173%
Progress: 97.91522173717922%
Progress: 97.98321841894115%
Progress: 98.05121510070308%
Progress: 98.11921178246502%
Progress: 98.18720846422696%
Progress: 98.25520514598888%
Progress: 98.32320182775081%
Progress: 98.39119850951273%
Progress: 98.45919519127466%
Progress: 98.52719187303659%
Progress: 98.59518855479853%
Progress: 98.66318523656045%
Progress: 98.73118191832239%
Progress: 98.79917860008432%
Progress: 98.86717528184624%
Progress: 98.93517196360817%
Progress: 99.00316864537011%
Progress: 99.07116532713204%
Progress: 99.13916200889396%
Progress: 99.20715869065589%
Progress: 99.27515537241783%
Progress: 99.34315205417975%
Progress: 99.4111487359417%
Progress: 99.47914541770362%
Progress: 99.54714209946555%
Progress: 99.61513878122747%
Progress: 99.6831354629894%
Progress: 99.75113214475132%
Progress: 99.81912882651326%
Progress: 99.8871255082752%
Progress: 99.95512219003713%
46686
[EvidenceSet Building Time] : 4370400ms
column 0completed.
column 1completed.
column 2completed.
column 3completed.
column 4completed.
column 5completed.
column 6completed.
column 7completed.
column 8completed.
column 9completed.
column 10completed.
column 11completed.
column 12completed.
582
[EvidenceSet Inversion Time] : 44581ms
java.lang.NumberFormatException: For input string: "5.1"
	at java.base/java.lang.NumberFormatException.forInputString(NumberFormatException.java:67)
	at java.base/java.lang.Integer.parseInt(Integer.java:668)
	at java.base/java.lang.Integer.parseInt(Integer.java:784)
	at FastAFD.input.Column.getInteger(Column.java:70)
	at FastAFD.input.Input.buildParsedColumns(Input.java:81)
	at FastAFD.input.Input.<init>(Input.java:39)
	at Main.run(Main.java:54)
	at picocli.CommandLine.executeUserObject(CommandLine.java:1939)
	at picocli.CommandLine.access$1300(CommandLine.java:145)
	at picocli.CommandLine$RunLast.executeUserObjectOfLastSubcommandWithSameParent(CommandLine.java:2352)
	at picocli.CommandLine$RunLast.handle(CommandLine.java:2346)
	at picocli.CommandLine$RunLast.handle(CommandLine.java:2311)
	at picocli.CommandLine$AbstractParseResultHandler.execute(CommandLine.java:2179)
	at picocli.CommandLine.execute(CommandLine.java:2078)
	at Main.main(Main.java:104)
